<?xml version="1.0" encoding="utf-8"?><testsuites name="pytest tests"><testsuite name="pytest" errors="0" failures="0" skipped="0" tests="8" time="0.065" timestamp="2025-09-13T15:04:30.394170-04:00" hostname="Wanderer"><testcase classname="first_lab.test.test_pytest" name="test_fun1" time="0.001" /><testcase classname="first_lab.test.test_pytest" name="test_fun2" time="0.001" /><testcase classname="first_lab.test.test_pytest" name="test_fun3" time="0.001" /><testcase classname="first_lab.test.test_pytest" name="test_fun4" time="0.001" /><testcase classname="first_lab.test.test_unittest.TestCalculator" name="test_fun1" time="0.002" /><testcase classname="first_lab.test.test_unittest.TestCalculator" name="test_fun2" time="0.001" /><testcase classname="first_lab.test.test_unittest.TestCalculator" name="test_fun3" time="0.001" /><testcase classname="first_lab.test.test_unittest.TestCalculator" name="test_fun4" time="0.001" /></testsuite></testsuites>