<?xml version="1.0" encoding="utf-8"?><testsuites><testsuite name="pytest" errors="0" failures="0" skipped="0" tests="12" time="0.092" timestamp="2025-09-20T17:00:32.645926" hostname="Wanderer"><testcase classname="test.test_pytest" name="test_fun1" time="0.002" /><testcase classname="test.test_pytest" name="test_fun2" time="0.001" /><testcase classname="test.test_pytest" name="test_fun3" time="0.001" /><testcase classname="test.test_pytest" name="test_fun4" time="0.001" /><testcase classname="test.test_pytest" name="test_fun5" time="0.001" /><testcase classname="test.test_pytest" name="test_fun6" time="0.001" /><testcase classname="test.test_unittest.TestCalculator" name="test_fun1" time="0.001" /><testcase classname="test.test_unittest.TestCalculator" name="test_fun2" time="0.001" /><testcase classname="test.test_unittest.TestCalculator" name="test_fun3" time="0.001" /><testcase classname="test.test_unittest.TestCalculator" name="test_fun4" time="0.001" /><testcase classname="test.test_unittest.TestCalculator" name="test_fun5" time="0.001" /><testcase classname="test.test_unittest.TestCalculator" name="test_fun6" time="0.001" /></testsuite></testsuites>